19:40:11.863 [main                     ] DEBUG GameApplication      - Logger initialized
19:40:11.877 [main                     ] DEBUG GameApplication      - Logging settings
Title: NewGame
Version: 0.0
Width: 1200
Height: 700
Fullscreen: false
Intro: false
Menus: false
Profiling: false
Single step:false
App Mode: DEVELOPER
Menu Key: ESCAPE
Stage Style: DECORATED
Scene Factory: class com.almasb.fxgl.app.SceneFactory
Dialog Factory: class com.almasb.fxgl.ui.FXGLDialogFactory
UI Factory: class com.almasb.fxgl.ui.FXGLUIFactory

19:40:12.261 [JavaFX Application Thread] DEBUG Engine               - Initializing FXGL
19:40:12.268 [JavaFX Application Thread] INFO  Engine               - FXGL-11.2-beta on DESKTOP
19:40:12.268 [JavaFX Application Thread] INFO  Engine               - Source code and latest versions at: https://github.com/AlmasB/FXGL
19:40:12.269 [JavaFX Application Thread] INFO  Engine               -              Join the FXGL chat at: https://gitter.im/AlmasB/FXGL
19:40:12.273 [JavaFX Application Thread] DEBUG Engine               - Adding new engine service: class com.almasb.fxgl.audio.AudioPlayer
19:40:12.274 [JavaFX Application Thread] DEBUG Engine               - Adding new engine service: class com.almasb.fxgl.notification.impl.NotificationServiceProvider
19:40:12.275 [JavaFX Application Thread] DEBUG Engine               - Adding new engine service: class com.almasb.fxgl.achievement.AchievementManager
19:40:12.276 [JavaFX Application Thread] DEBUG Engine               - Adding new engine service: class com.almasb.fxgl.dev.DevService
19:40:12.290 [JavaFX Application Thread] DEBUG SaveLoadManager      - Checking profiles dir: profiles/
19:40:12.293 [JavaFX Application Thread] DEBUG FS                   - Loaded MobileFSService
19:40:12.293 [JavaFX Application Thread] DEBUG Engine               - Loading localizations
19:40:12.301 [JavaFX Application Thread] DEBUG AssetLoader          - Loading from disk: /assets/properties/languages/english.properties
19:40:12.305 [JavaFX Application Thread] DEBUG AssetLoader          - Loading from disk: /assets/properties/languages/french.properties
19:40:12.307 [JavaFX Application Thread] DEBUG AssetLoader          - Loading from disk: /assets/properties/languages/german.properties
19:40:12.309 [JavaFX Application Thread] DEBUG AssetLoader          - Loading from disk: /assets/properties/languages/russian.properties
19:40:12.311 [JavaFX Application Thread] DEBUG AssetLoader          - Loading from disk: /assets/properties/languages/hungarian.properties
19:40:12.312 [JavaFX Application Thread] DEBUG Engine               - Registering font factories
19:40:12.313 [JavaFX Application Thread] DEBUG AssetLoader          - Loading from disk: /assets/ui/fonts/VarelaRound-Regular.ttf
19:40:12.512 [JavaFX Application Thread] DEBUG AssetLoader          - Loading from disk: /assets/ui/fonts/Abel-Regular.ttf
19:40:12.515 [JavaFX Application Thread] DEBUG AssetLoader          - Loading from disk: /assets/ui/fonts/lucida_console.ttf
19:40:12.519 [JavaFX Application Thread] DEBUG AssetLoader          - Loading from disk: /assets/ui/fonts/Courier-Prime.ttf
19:40:12.522 [JavaFX Application Thread] DEBUG Engine               - Setting UI factory
19:40:12.602 [JavaFX Application Thread] DEBUG AssetLoader          - Loading from disk: /assets/ui/cursors/fxgl_default.png
19:40:12.686 [JavaFX Application Thread] DEBUG MainWindow           - Creating a JavaFX scene
19:40:12.746 [JavaFX Application Thread] DEBUG MainWindow           - Target settings size: 1200.0 x 700.0
19:40:12.746 [JavaFX Application Thread] DEBUG MainWindow           - Scaled scene size:    1200.0 x 700.0
19:40:12.747 [JavaFX Application Thread] DEBUG MainWindow           - Scaled ratio: (1.0, 1.0)
19:40:12.747 [JavaFX Application Thread] DEBUG AssetLoader          - Loading from disk: /assets/ui/css/fxgl_dark.css
19:40:12.749 [JavaFX Application Thread] DEBUG Input                - Clearing active input actions
19:40:12.749 [JavaFX Application Thread] DEBUG MainWindow           - StartupScene -> StartupScene
19:40:12.751 [JavaFX Application Thread] DEBUG AssetLoader          - Loading from disk: /assets/textures/fxgl_icon.png
19:40:12.771 [JavaFX Application Thread] DEBUG MainWindow           - Opening main window
19:40:12.967 [JavaFX Application Thread] DEBUG MainWindow           - Window border size: (14.4000244140625, 37.5999755859375)
19:40:12.967 [JavaFX Application Thread] DEBUG MainWindow           - Scaled size: 1200.0 x 700.0
19:40:12.967 [JavaFX Application Thread] DEBUG MainWindow           - Scaled ratio: (1.0, 1.0)
19:40:12.967 [JavaFX Application Thread] DEBUG MainWindow           - Scene size: 1200.0 x 700.0
19:40:12.968 [JavaFX Application Thread] DEBUG MainWindow           - Stage size: 1214.4000244140625 x 737.5999755859375
19:40:13.019 [FXGL Background Thread 1 ] DEBUG Engine               - Loading FXGL system data
19:40:13.026 [FXGL Background Thread 1 ] DEBUG MobileFSService      - Reading from: E:\javafx-workshop\system\fxgl.bundle
19:40:13.040 [FXGL Background Thread 1 ] DEBUG Engine               - Bundle FXGL: {}
19:40:13.040 [FXGL Background Thread 1 ] DEBUG Engine               - Initializing application scenes
19:40:13.046 [FXGL Background Thread 1 ] DEBUG AssetLoader          - Loading from disk: /assets/ui/cursors/fxgl_default.png
19:40:13.069 [FXGL Background Thread 1 ] DEBUG GameWorld            - Game world initialized
19:40:13.181 [FXGL Background Thread 1 ] DEBUG PhysicsWorld         - Physics world initialized: appHeight=700, physics.ppm=50.0
19:40:13.182 [FXGL Background Thread 1 ] DEBUG AssetLoader          - Loading from disk: /assets/ui/cursors/fxgl_default.png
19:40:13.185 [FXGL Background Thread 1 ] DEBUG GameScene            - Game scene initialized: 1200x700
19:40:13.246 [FXGL Background Thread 1 ] DEBUG Input                - Registered new binding: Pause - Esc
19:40:13.246 [FXGL Background Thread 1 ] DEBUG Engine               - Application scenes initialized
19:40:13.255 [JavaFX Application Thread] DEBUG Engine               - Running preInit()
19:40:13.255 [JavaFX Application Thread] DEBUG Input                - Registered new binding: Go right - Right
19:40:13.256 [JavaFX Application Thread] DEBUG Input                - Registered new binding: Go left - Left
19:40:13.256 [JavaFX Application Thread] DEBUG Input                - Registered new binding: Jump - Space
19:40:13.257 [JavaFX Application Thread] DEBUG Input                - Registered new binding: Screenshot - P
19:40:13.258 [JavaFX Application Thread] DEBUG Input                - Registered new binding: Dev Options - 1
19:40:13.260 [JavaFX Application Thread] DEBUG Input                - Registered new binding: System info dump - CTRL+9
19:40:13.264 [JavaFX Application Thread] DEBUG Input                - Registered new binding: Restart - CTRL+R
19:40:13.264 [JavaFX Application Thread] DEBUG Engine               - generateDefaultProfile()
19:40:13.264 [JavaFX Application Thread] DEBUG Engine               - Creating default profile
19:40:13.265 [JavaFX Application Thread] DEBUG EventBus             - Firing event: SaveEvent
19:40:13.279 [JavaFX Application Thread] DEBUG Engine               - Logging environment variables
19:40:13.280 [JavaFX Application Thread] DEBUG Engine               - achievementStores: []
19:40:13.280 [JavaFX Application Thread] DEBUG Engine               - cSS: fxgl_dark.css
19:40:13.280 [JavaFX Application Thread] DEBUG Engine               - language: ObjectProperty [value: ENGLISH]
19:40:13.280 [JavaFX Application Thread] DEBUG Engine               - isCloseConfirmation: true
19:40:13.280 [JavaFX Application Thread] DEBUG Engine               - isProfilingEnabled: false
19:40:13.280 [JavaFX Application Thread] DEBUG Engine               - soundNotification: core/notification.wav
19:40:13.280 [JavaFX Application Thread] DEBUG Engine               - pixelsPerMeter: 50.0
19:40:13.281 [JavaFX Application Thread] DEBUG Engine               - overlayRoot: Group@4f8370bd
19:40:13.281 [JavaFX Application Thread] DEBUG Engine               - appIcon: fxgl_icon.png
19:40:13.281 [JavaFX Application Thread] DEBUG Engine               - soundMenuBack: menu/back.wav
19:40:13.281 [JavaFX Application Thread] DEBUG Engine               - isFullScreenAllowed: false
19:40:13.281 [JavaFX Application Thread] DEBUG Engine               - isIntroEnabled: false
19:40:13.281 [JavaFX Application Thread] DEBUG Engine               - fontMono: lucida_console.ttf
19:40:13.281 [JavaFX Application Thread] DEBUG Engine               - soundMenuSelect: menu/select.wav
19:40:13.281 [JavaFX Application Thread] DEBUG Engine               - height: 700
19:40:13.282 [JavaFX Application Thread] DEBUG Engine               - isSingleStep: false
19:40:13.282 [JavaFX Application Thread] DEBUG Engine               - fontGame: Abel-Regular.ttf
19:40:13.282 [JavaFX Application Thread] DEBUG Engine               - menuKey: ESCAPE
19:40:13.282 [JavaFX Application Thread] DEBUG Engine               - versionCheckDays: 7
19:40:13.282 [JavaFX Application Thread] DEBUG Engine               - masterTimer: com.almasb.fxgl.time.Timer@6502738
19:40:13.282 [JavaFX Application Thread] DEBUG Engine               - configClass: Optional.empty
19:40:13.282 [JavaFX Application Thread] DEBUG Engine               - version: 0.0
19:40:13.282 [JavaFX Application Thread] DEBUG Engine               - fullScreen: BooleanProperty [value: false]
19:40:13.282 [JavaFX Application Thread] DEBUG Engine               - dialogFactory: com.almasb.fxgl.ui.FXGLDialogFactory@61fa78b3
19:40:13.283 [JavaFX Application Thread] DEBUG Engine               - applicationMode: DEVELOPER
19:40:13.283 [JavaFX Application Thread] DEBUG Engine               - urlGoogleForms: https://goo.gl/forms/6wrMnOBxTE1fEpOy2
19:40:13.283 [JavaFX Application Thread] DEBUG Engine               - isMenuEnabled: false
19:40:13.283 [JavaFX Application Thread] DEBUG Engine               - urlPOM: https://raw.githubusercontent.com/AlmasB/FXGL/master/pom.xml
19:40:13.283 [JavaFX Application Thread] DEBUG Engine               - profileName: user.profile
19:40:13.283 [JavaFX Application Thread] DEBUG Engine               - notificationViewClass: class com.almasb.fxgl.notification.view.XboxNotificationView
19:40:13.283 [JavaFX Application Thread] DEBUG Engine               - sceneFactory: com.almasb.fxgl.app.SceneFactory@1f2326be
19:40:13.283 [JavaFX Application Thread] DEBUG Engine               - dataFileExt: .dat
19:40:13.283 [JavaFX Application Thread] DEBUG Engine               - stageStyle: DECORATED
19:40:13.283 [JavaFX Application Thread] DEBUG Engine               - isManualResizeEnabled: false
19:40:13.283 [JavaFX Application Thread] DEBUG Engine               - title: NewGame
19:40:13.284 [JavaFX Application Thread] DEBUG Engine               - credits: []
19:40:13.284 [JavaFX Application Thread] DEBUG Engine               - uIFactory: com.almasb.fxgl.ui.FXGLUIFactory@3ea59831
19:40:13.284 [JavaFX Application Thread] DEBUG Engine               - fontText: Courier-Prime.ttf
19:40:13.284 [JavaFX Application Thread] DEBUG Engine               - isExperimentalTiledLargeMap: false
19:40:13.284 [JavaFX Application Thread] DEBUG Engine               - secondsIn24h: 60
19:40:13.284 [JavaFX Application Thread] DEBUG Engine               - soundMenuPress: menu/press.wav
19:40:13.284 [JavaFX Application Thread] DEBUG Engine               - urlGithub: https://github.com/AlmasB/FXGL
19:40:13.284 [JavaFX Application Thread] DEBUG Engine               - profileDir: profiles/
19:40:13.284 [JavaFX Application Thread] DEBUG Engine               - urlLeaderboard: http://fxgl-top.herokuapp.com/
19:40:13.284 [JavaFX Application Thread] DEBUG Engine               - saveDir: saves/
19:40:13.284 [JavaFX Application Thread] DEBUG Engine               - engineServices: [class com.almasb.fxgl.audio.AudioPlayer, class com.almasb.fxgl.notification.impl.NotificationServiceProvider, class com.almasb.fxgl.achievement.AchievementManager]
19:40:13.284 [JavaFX Application Thread] DEBUG Engine               - width: 1200
19:40:13.285 [JavaFX Application Thread] DEBUG Engine               - saveFileExt: .sav
19:40:13.285 [JavaFX Application Thread] DEBUG Engine               - fontUI: VarelaRound-Regular.ttf
19:40:13.285 [JavaFX Application Thread] DEBUG Engine               - enabledMenuItems: []
19:40:13.297 [JavaFX Application Thread] INFO  Engine               - FXGL initialization took: 1.004 sec
19:40:13.297 [JavaFX Application Thread] DEBUG LoopRunner           - Starting loop
19:40:13.305 [JavaFX Application Thread] DEBUG StartupScene         - STARTUP
19:40:13.305 [JavaFX Application Thread] DEBUG Engine               - Starting new game
19:40:13.306 [JavaFX Application Thread] DEBUG AssetLoader          - Loading from disk: /assets/ui/css/fxgl_dark.css
19:40:13.306 [JavaFX Application Thread] DEBUG Input                - Clearing active input actions
19:40:13.319 [JavaFX Application Thread] DEBUG MainWindow           - StartupScene -> LoadingScene
19:40:13.325 [JavaFX Application Thread] DEBUG Engine               - Removing overlay from StartupScene and adding to LoadingScene
19:40:13.332 [FXGL Background Thread 1 ] DEBUG InitAppTask          - Clearing previous game
19:40:13.332 [FXGL Background Thread 1 ] DEBUG GameWorld            - Clearing game world
19:40:13.332 [FXGL Background Thread 1 ] DEBUG PhysicsWorld         - Clearing physics world
19:40:13.332 [FXGL Background Thread 1 ] DEBUG GameScene            - Clearing game scene
19:40:13.333 [FXGL Background Thread 1 ] DEBUG InitAppTask          - Initializing Game
19:40:13.335 [FXGL Background Thread 1 ] DEBUG AssetLoader          - Loading from disk: /assets/textures/background.jpg
19:40:13.416 [FXGL Background Thread 1 ] DEBUG AssetLoader          - Loading from disk: /assets/textures/player2_still.png
19:40:13.436 [FXGL Background Thread 1 ] DEBUG AssetLoader          - Loading from disk: /assets/textures/background2.png
19:40:13.511 [FXGL Background Thread 1 ] DEBUG InitAppTask          - Initializing Physics
19:40:13.512 [FXGL Background Thread 1 ] DEBUG InitAppTask          - Initializing UI
19:40:13.540 [FXGL Background Thread 1 ] DEBUG InitAppTask          - Initialization Complete
19:40:13.540 [FXGL Background Thread 1 ] INFO  InitAppTask          - Game initialization took: 0.208 sec
19:40:13.555 [JavaFX Application Thread] DEBUG AssetLoader          - Loading from disk: /assets/ui/css/fxgl_dark.css
19:40:13.555 [JavaFX Application Thread] DEBUG Input                - Clearing active input actions
19:40:13.575 [JavaFX Application Thread] DEBUG MainWindow           - LoadingScene -> GameScene
19:40:13.575 [JavaFX Application Thread] DEBUG Engine               - Removing overlay from LoadingScene and adding to GameScene
19:40:17.685 [JavaFX Application Thread] DEBUG MainWindow           - Push state: DialogSubState
19:40:17.685 [JavaFX Application Thread] DEBUG Input                - Clearing active input actions
19:40:17.686 [JavaFX Application Thread] DEBUG MainWindow           - GameScene -> DialogSubState
19:40:17.695 [JavaFX Application Thread] DEBUG Engine               - Removing overlay from GameScene and adding to DialogSubState
19:40:18.971 [JavaFX Application Thread] DEBUG MainWindow           - Pop state: DialogSubState
19:40:18.971 [JavaFX Application Thread] DEBUG Input                - Clearing active input actions
19:40:18.972 [JavaFX Application Thread] DEBUG Engine               - Removing overlay from DialogSubState and adding to GameScene
19:40:18.972 [JavaFX Application Thread] DEBUG MainWindow           - GameScene <- DialogSubState
19:40:18.972 [JavaFX Application Thread] DEBUG Engine               - Exiting FXGL
19:40:18.972 [JavaFX Application Thread] DEBUG Engine               - Shutting down background threads
19:40:18.972 [JavaFX Application Thread] DEBUG Engine               - Saving FXGL system data
19:40:18.975 [JavaFX Application Thread] DEBUG MobileFSService      - Writing to: E:\javafx-workshop\system\fxgl.bundle
19:40:18.978 [JavaFX Application Thread] DEBUG Engine               - Closing logger and exiting JavaFX
