19:34:00.208 [main                     ] DEBUG GameApplication      - Logger initialized
19:34:00.228 [main                     ] DEBUG GameApplication      - Logging settings
Title: NewGame
Version: 0.0
Width: 1200
Height: 700
Fullscreen: false
Intro: false
Menus: false
Profiling: false
Single step:false
App Mode: DEVELOPER
Menu Key: ESCAPE
Stage Style: DECORATED
Scene Factory: class com.almasb.fxgl.app.SceneFactory
Dialog Factory: class com.almasb.fxgl.ui.FXGLDialogFactory
UI Factory: class com.almasb.fxgl.ui.FXGLUIFactory

19:34:00.720 [JavaFX Application Thread] DEBUG Engine               - Initializing FXGL
19:34:00.728 [JavaFX Application Thread] INFO  Engine               - FXGL-11.2-beta on DESKTOP
19:34:00.728 [JavaFX Application Thread] INFO  Engine               - Source code and latest versions at: https://github.com/AlmasB/FXGL
19:34:00.729 [JavaFX Application Thread] INFO  Engine               -              Join the FXGL chat at: https://gitter.im/AlmasB/FXGL
19:34:00.733 [JavaFX Application Thread] DEBUG Engine               - Adding new engine service: class com.almasb.fxgl.audio.AudioPlayer
19:34:00.734 [JavaFX Application Thread] DEBUG Engine               - Adding new engine service: class com.almasb.fxgl.notification.impl.NotificationServiceProvider
19:34:00.736 [JavaFX Application Thread] DEBUG Engine               - Adding new engine service: class com.almasb.fxgl.achievement.AchievementManager
19:34:00.737 [JavaFX Application Thread] DEBUG Engine               - Adding new engine service: class com.almasb.fxgl.dev.DevService
19:34:00.756 [JavaFX Application Thread] DEBUG SaveLoadManager      - Checking profiles dir: profiles/
19:34:00.758 [JavaFX Application Thread] DEBUG FS                   - Loaded MobileFSService
19:34:00.759 [JavaFX Application Thread] DEBUG Engine               - Loading localizations
19:34:00.769 [JavaFX Application Thread] DEBUG AssetLoader          - Loading from disk: /assets/properties/languages/english.properties
19:34:00.773 [JavaFX Application Thread] DEBUG AssetLoader          - Loading from disk: /assets/properties/languages/french.properties
19:34:00.775 [JavaFX Application Thread] DEBUG AssetLoader          - Loading from disk: /assets/properties/languages/german.properties
19:34:00.777 [JavaFX Application Thread] DEBUG AssetLoader          - Loading from disk: /assets/properties/languages/russian.properties
19:34:00.779 [JavaFX Application Thread] DEBUG AssetLoader          - Loading from disk: /assets/properties/languages/hungarian.properties
19:34:00.782 [JavaFX Application Thread] DEBUG Engine               - Registering font factories
19:34:00.783 [JavaFX Application Thread] DEBUG AssetLoader          - Loading from disk: /assets/ui/fonts/VarelaRound-Regular.ttf
19:34:01.002 [JavaFX Application Thread] DEBUG AssetLoader          - Loading from disk: /assets/ui/fonts/Abel-Regular.ttf
19:34:01.006 [JavaFX Application Thread] DEBUG AssetLoader          - Loading from disk: /assets/ui/fonts/lucida_console.ttf
19:34:01.012 [JavaFX Application Thread] DEBUG AssetLoader          - Loading from disk: /assets/ui/fonts/Courier-Prime.ttf
19:34:01.017 [JavaFX Application Thread] DEBUG Engine               - Setting UI factory
19:34:01.101 [JavaFX Application Thread] DEBUG AssetLoader          - Loading from disk: /assets/ui/cursors/fxgl_default.png
19:34:01.193 [JavaFX Application Thread] DEBUG MainWindow           - Creating a JavaFX scene
19:34:01.272 [JavaFX Application Thread] DEBUG MainWindow           - Target settings size: 1200.0 x 700.0
19:34:01.272 [JavaFX Application Thread] DEBUG MainWindow           - Scaled scene size:    1200.0 x 700.0
19:34:01.272 [JavaFX Application Thread] DEBUG MainWindow           - Scaled ratio: (1.0, 1.0)
19:34:01.274 [JavaFX Application Thread] DEBUG AssetLoader          - Loading from disk: /assets/ui/css/fxgl_dark.css
19:34:01.275 [JavaFX Application Thread] DEBUG Input                - Clearing active input actions
19:34:01.275 [JavaFX Application Thread] DEBUG MainWindow           - StartupScene -> StartupScene
19:34:01.279 [JavaFX Application Thread] DEBUG AssetLoader          - Loading from disk: /assets/textures/fxgl_icon.png
19:34:01.314 [JavaFX Application Thread] DEBUG MainWindow           - Opening main window
19:34:01.520 [JavaFX Application Thread] DEBUG MainWindow           - Window border size: (14.4000244140625, 37.5999755859375)
19:34:01.520 [JavaFX Application Thread] DEBUG MainWindow           - Scaled size: 1200.0 x 700.0
19:34:01.521 [JavaFX Application Thread] DEBUG MainWindow           - Scaled ratio: (1.0, 1.0)
19:34:01.522 [JavaFX Application Thread] DEBUG MainWindow           - Scene size: 1200.0 x 700.0
19:34:01.522 [JavaFX Application Thread] DEBUG MainWindow           - Stage size: 1214.4000244140625 x 737.5999755859375
19:34:01.590 [FXGL Background Thread 1 ] DEBUG Engine               - Loading FXGL system data
19:34:01.597 [FXGL Background Thread 1 ] DEBUG MobileFSService      - Reading from: E:\javafx-workshop\system\fxgl.bundle
19:34:01.614 [FXGL Background Thread 1 ] DEBUG Engine               - Bundle FXGL: {}
19:34:01.615 [FXGL Background Thread 1 ] DEBUG Engine               - Initializing application scenes
19:34:01.617 [FXGL Background Thread 1 ] DEBUG AssetLoader          - Loading from disk: /assets/ui/cursors/fxgl_default.png
19:34:01.644 [FXGL Background Thread 1 ] DEBUG GameWorld            - Game world initialized
19:34:01.793 [FXGL Background Thread 1 ] DEBUG PhysicsWorld         - Physics world initialized: appHeight=700, physics.ppm=50.0
19:34:01.794 [FXGL Background Thread 1 ] DEBUG AssetLoader          - Loading from disk: /assets/ui/cursors/fxgl_default.png
19:34:01.800 [FXGL Background Thread 1 ] DEBUG GameScene            - Game scene initialized: 1200x700
19:34:01.875 [FXGL Background Thread 1 ] DEBUG Input                - Registered new binding: Pause - Esc
19:34:01.875 [FXGL Background Thread 1 ] DEBUG Engine               - Application scenes initialized
19:34:01.885 [JavaFX Application Thread] DEBUG Engine               - Running preInit()
19:34:01.886 [JavaFX Application Thread] DEBUG Input                - Registered new binding: Go right - Right
19:34:01.886 [JavaFX Application Thread] DEBUG Input                - Registered new binding: Go left - Left
19:34:01.887 [JavaFX Application Thread] DEBUG Input                - Registered new binding: Jump - Space
19:34:01.888 [JavaFX Application Thread] DEBUG Input                - Registered new binding: Screenshot - P
19:34:01.889 [JavaFX Application Thread] DEBUG Input                - Registered new binding: Dev Options - 1
19:34:01.890 [JavaFX Application Thread] DEBUG Input                - Registered new binding: System info dump - CTRL+9
19:34:01.890 [JavaFX Application Thread] DEBUG Input                - Registered new binding: Restart - CTRL+R
19:34:01.891 [JavaFX Application Thread] DEBUG Engine               - generateDefaultProfile()
19:34:01.891 [JavaFX Application Thread] DEBUG Engine               - Creating default profile
19:34:01.891 [JavaFX Application Thread] DEBUG EventBus             - Firing event: SaveEvent
19:34:01.907 [JavaFX Application Thread] DEBUG Engine               - Logging environment variables
19:34:01.907 [JavaFX Application Thread] DEBUG Engine               - achievementStores: []
19:34:01.907 [JavaFX Application Thread] DEBUG Engine               - cSS: fxgl_dark.css
19:34:01.908 [JavaFX Application Thread] DEBUG Engine               - language: ObjectProperty [value: ENGLISH]
19:34:01.908 [JavaFX Application Thread] DEBUG Engine               - isCloseConfirmation: true
19:34:01.908 [JavaFX Application Thread] DEBUG Engine               - isProfilingEnabled: false
19:34:01.908 [JavaFX Application Thread] DEBUG Engine               - soundNotification: core/notification.wav
19:34:01.908 [JavaFX Application Thread] DEBUG Engine               - pixelsPerMeter: 50.0
19:34:01.908 [JavaFX Application Thread] DEBUG Engine               - overlayRoot: Group@76f36aad
19:34:01.908 [JavaFX Application Thread] DEBUG Engine               - appIcon: fxgl_icon.png
19:34:01.909 [JavaFX Application Thread] DEBUG Engine               - soundMenuBack: menu/back.wav
19:34:01.909 [JavaFX Application Thread] DEBUG Engine               - isFullScreenAllowed: false
19:34:01.909 [JavaFX Application Thread] DEBUG Engine               - isIntroEnabled: false
19:34:01.909 [JavaFX Application Thread] DEBUG Engine               - fontMono: lucida_console.ttf
19:34:01.909 [JavaFX Application Thread] DEBUG Engine               - soundMenuSelect: menu/select.wav
19:34:01.909 [JavaFX Application Thread] DEBUG Engine               - height: 700
19:34:01.910 [JavaFX Application Thread] DEBUG Engine               - isSingleStep: false
19:34:01.910 [JavaFX Application Thread] DEBUG Engine               - fontGame: Abel-Regular.ttf
19:34:01.910 [JavaFX Application Thread] DEBUG Engine               - menuKey: ESCAPE
19:34:01.910 [JavaFX Application Thread] DEBUG Engine               - versionCheckDays: 7
19:34:01.910 [JavaFX Application Thread] DEBUG Engine               - masterTimer: com.almasb.fxgl.time.Timer@1d9c90c9
19:34:01.910 [JavaFX Application Thread] DEBUG Engine               - configClass: Optional.empty
19:34:01.910 [JavaFX Application Thread] DEBUG Engine               - version: 0.0
19:34:01.911 [JavaFX Application Thread] DEBUG Engine               - fullScreen: BooleanProperty [value: false]
19:34:01.911 [JavaFX Application Thread] DEBUG Engine               - dialogFactory: com.almasb.fxgl.ui.FXGLDialogFactory@1e2b10fd
19:34:01.911 [JavaFX Application Thread] DEBUG Engine               - applicationMode: DEVELOPER
19:34:01.911 [JavaFX Application Thread] DEBUG Engine               - urlGoogleForms: https://goo.gl/forms/6wrMnOBxTE1fEpOy2
19:34:01.911 [JavaFX Application Thread] DEBUG Engine               - isMenuEnabled: false
19:34:01.911 [JavaFX Application Thread] DEBUG Engine               - profileName: user.profile
19:34:01.911 [JavaFX Application Thread] DEBUG Engine               - urlPOM: https://raw.githubusercontent.com/AlmasB/FXGL/master/pom.xml
19:34:01.911 [JavaFX Application Thread] DEBUG Engine               - notificationViewClass: class com.almasb.fxgl.notification.view.XboxNotificationView
19:34:01.911 [JavaFX Application Thread] DEBUG Engine               - sceneFactory: com.almasb.fxgl.app.SceneFactory@222e1b84
19:34:01.912 [JavaFX Application Thread] DEBUG Engine               - dataFileExt: .dat
19:34:01.912 [JavaFX Application Thread] DEBUG Engine               - stageStyle: DECORATED
19:34:01.912 [JavaFX Application Thread] DEBUG Engine               - isManualResizeEnabled: false
19:34:01.912 [JavaFX Application Thread] DEBUG Engine               - title: NewGame
19:34:01.912 [JavaFX Application Thread] DEBUG Engine               - credits: []
19:34:01.912 [JavaFX Application Thread] DEBUG Engine               - uIFactory: com.almasb.fxgl.ui.FXGLUIFactory@5a0ecb8e
19:34:01.912 [JavaFX Application Thread] DEBUG Engine               - fontText: Courier-Prime.ttf
19:34:01.912 [JavaFX Application Thread] DEBUG Engine               - isExperimentalTiledLargeMap: false
19:34:01.913 [JavaFX Application Thread] DEBUG Engine               - secondsIn24h: 60
19:34:01.913 [JavaFX Application Thread] DEBUG Engine               - soundMenuPress: menu/press.wav
19:34:01.913 [JavaFX Application Thread] DEBUG Engine               - urlGithub: https://github.com/AlmasB/FXGL
19:34:01.913 [JavaFX Application Thread] DEBUG Engine               - profileDir: profiles/
19:34:01.913 [JavaFX Application Thread] DEBUG Engine               - urlLeaderboard: http://fxgl-top.herokuapp.com/
19:34:01.913 [JavaFX Application Thread] DEBUG Engine               - saveDir: saves/
19:34:01.913 [JavaFX Application Thread] DEBUG Engine               - engineServices: [class com.almasb.fxgl.audio.AudioPlayer, class com.almasb.fxgl.notification.impl.NotificationServiceProvider, class com.almasb.fxgl.achievement.AchievementManager]
19:34:01.913 [JavaFX Application Thread] DEBUG Engine               - width: 1200
19:34:01.914 [JavaFX Application Thread] DEBUG Engine               - saveFileExt: .sav
19:34:01.914 [JavaFX Application Thread] DEBUG Engine               - fontUI: VarelaRound-Regular.ttf
19:34:01.914 [JavaFX Application Thread] DEBUG Engine               - enabledMenuItems: []
19:34:01.930 [JavaFX Application Thread] INFO  Engine               - FXGL initialization took: 1.171 sec
19:34:01.931 [JavaFX Application Thread] DEBUG LoopRunner           - Starting loop
19:34:01.939 [JavaFX Application Thread] DEBUG StartupScene         - STARTUP
19:34:01.940 [JavaFX Application Thread] DEBUG Engine               - Starting new game
19:34:01.940 [JavaFX Application Thread] DEBUG AssetLoader          - Loading from disk: /assets/ui/css/fxgl_dark.css
19:34:01.940 [JavaFX Application Thread] DEBUG Input                - Clearing active input actions
19:34:01.956 [JavaFX Application Thread] DEBUG MainWindow           - StartupScene -> LoadingScene
19:34:01.964 [FXGL Background Thread 1 ] DEBUG InitAppTask          - Clearing previous game
19:34:01.965 [FXGL Background Thread 1 ] DEBUG GameWorld            - Clearing game world
19:34:01.965 [FXGL Background Thread 1 ] DEBUG PhysicsWorld         - Clearing physics world
19:34:01.965 [FXGL Background Thread 1 ] DEBUG GameScene            - Clearing game scene
19:34:01.965 [FXGL Background Thread 1 ] DEBUG InitAppTask          - Initializing Game
19:34:01.968 [FXGL Background Thread 1 ] DEBUG AssetLoader          - Loading from disk: /assets/textures/final.png
19:34:01.973 [JavaFX Application Thread] DEBUG Engine               - Removing overlay from StartupScene and adding to LoadingScene
19:34:02.262 [FXGL Background Thread 1 ] DEBUG AssetLoader          - Loading from disk: /assets/textures/player2_still.png
19:34:02.277 [FXGL Background Thread 1 ] DEBUG InitAppTask          - Initializing Physics
19:34:02.277 [FXGL Background Thread 1 ] DEBUG InitAppTask          - Initializing UI
19:34:02.280 [FXGL Background Thread 1 ] DEBUG InitAppTask          - Initialization Complete
19:34:02.281 [FXGL Background Thread 1 ] INFO  InitAppTask          - Game initialization took: 0.316 sec
19:34:02.285 [JavaFX Application Thread] DEBUG AssetLoader          - Loading from disk: /assets/ui/css/fxgl_dark.css
19:34:02.287 [JavaFX Application Thread] DEBUG Input                - Clearing active input actions
19:34:02.304 [JavaFX Application Thread] DEBUG MainWindow           - LoadingScene -> GameScene
19:34:02.304 [JavaFX Application Thread] DEBUG Engine               - Removing overlay from LoadingScene and adding to GameScene
19:34:04.678 [JavaFX Application Thread] DEBUG AssetLoader          - Loading from disk: /assets/textures/player2.gif
19:34:04.770 [JavaFX Application Thread] DEBUG AssetLoader          - Loading from cache: /assets/textures/player2.gif
19:34:04.774 [JavaFX Application Thread] DEBUG AssetLoader          - Loading from cache: /assets/textures/player2.gif
19:34:04.790 [JavaFX Application Thread] DEBUG AssetLoader          - Loading from cache: /assets/textures/player2.gif
19:34:04.806 [JavaFX Application Thread] DEBUG AssetLoader          - Loading from cache: /assets/textures/player2.gif
19:34:04.822 [JavaFX Application Thread] DEBUG AssetLoader          - Loading from cache: /assets/textures/player2.gif
19:34:04.838 [JavaFX Application Thread] DEBUG AssetLoader          - Loading from cache: /assets/textures/player2.gif
19:34:04.854 [JavaFX Application Thread] DEBUG AssetLoader          - Loading from cache: /assets/textures/player2.gif
19:34:04.870 [JavaFX Application Thread] DEBUG AssetLoader          - Loading from cache: /assets/textures/player2.gif
19:34:04.887 [JavaFX Application Thread] DEBUG AssetLoader          - Loading from cache: /assets/textures/player2.gif
19:34:04.903 [JavaFX Application Thread] DEBUG AssetLoader          - Loading from cache: /assets/textures/player2.gif
19:34:04.934 [JavaFX Application Thread] DEBUG AssetLoader          - Loading from cache: /assets/textures/player2.gif
19:34:04.951 [JavaFX Application Thread] DEBUG AssetLoader          - Loading from cache: /assets/textures/player2.gif
19:34:04.967 [JavaFX Application Thread] DEBUG AssetLoader          - Loading from cache: /assets/textures/player2.gif
19:34:04.982 [JavaFX Application Thread] DEBUG AssetLoader          - Loading from cache: /assets/textures/player2.gif
19:34:04.998 [JavaFX Application Thread] DEBUG AssetLoader          - Loading from cache: /assets/textures/player2.gif
19:34:05.014 [JavaFX Application Thread] DEBUG AssetLoader          - Loading from cache: /assets/textures/player2.gif
19:34:05.030 [JavaFX Application Thread] DEBUG AssetLoader          - Loading from cache: /assets/textures/player2.gif
19:34:05.046 [JavaFX Application Thread] DEBUG AssetLoader          - Loading from cache: /assets/textures/player2.gif
19:34:05.062 [JavaFX Application Thread] DEBUG AssetLoader          - Loading from cache: /assets/textures/player2.gif
19:34:05.078 [JavaFX Application Thread] DEBUG AssetLoader          - Loading from cache: /assets/textures/player2.gif
19:34:05.094 [JavaFX Application Thread] DEBUG AssetLoader          - Loading from cache: /assets/textures/player2.gif
19:34:05.111 [JavaFX Application Thread] DEBUG AssetLoader          - Loading from cache: /assets/textures/player2.gif
19:34:05.126 [JavaFX Application Thread] DEBUG AssetLoader          - Loading from cache: /assets/textures/player2.gif
19:34:05.142 [JavaFX Application Thread] DEBUG AssetLoader          - Loading from cache: /assets/textures/player2.gif
19:34:05.158 [JavaFX Application Thread] DEBUG AssetLoader          - Loading from cache: /assets/textures/player2.gif
19:34:05.174 [JavaFX Application Thread] DEBUG AssetLoader          - Loading from cache: /assets/textures/player2.gif
19:34:05.190 [JavaFX Application Thread] DEBUG AssetLoader          - Loading from cache: /assets/textures/player2.gif
19:34:05.207 [JavaFX Application Thread] DEBUG AssetLoader          - Loading from cache: /assets/textures/player2.gif
19:34:05.222 [JavaFX Application Thread] DEBUG AssetLoader          - Loading from cache: /assets/textures/player2.gif
19:34:05.238 [JavaFX Application Thread] DEBUG AssetLoader          - Loading from cache: /assets/textures/player2.gif
19:34:05.254 [JavaFX Application Thread] DEBUG AssetLoader          - Loading from cache: /assets/textures/player2.gif
19:34:05.270 [JavaFX Application Thread] DEBUG AssetLoader          - Loading from cache: /assets/textures/player2.gif
19:34:05.286 [JavaFX Application Thread] DEBUG AssetLoader          - Loading from cache: /assets/textures/player2.gif
19:34:05.304 [JavaFX Application Thread] DEBUG AssetLoader          - Loading from cache: /assets/textures/player2.gif
19:34:05.335 [JavaFX Application Thread] DEBUG AssetLoader          - Loading from cache: /assets/textures/player2.gif
19:34:05.350 [JavaFX Application Thread] DEBUG AssetLoader          - Loading from cache: /assets/textures/player2.gif
19:34:05.367 [JavaFX Application Thread] DEBUG AssetLoader          - Loading from cache: /assets/textures/player2.gif
19:34:05.382 [JavaFX Application Thread] DEBUG AssetLoader          - Loading from cache: /assets/textures/player2.gif
19:34:05.399 [JavaFX Application Thread] DEBUG AssetLoader          - Loading from cache: /assets/textures/player2.gif
19:34:05.414 [JavaFX Application Thread] DEBUG AssetLoader          - Loading from cache: /assets/textures/player2.gif
19:34:05.430 [JavaFX Application Thread] DEBUG AssetLoader          - Loading from cache: /assets/textures/player2.gif
19:34:05.446 [JavaFX Application Thread] DEBUG AssetLoader          - Loading from cache: /assets/textures/player2.gif
19:34:05.462 [JavaFX Application Thread] DEBUG AssetLoader          - Loading from cache: /assets/textures/player2.gif
19:34:05.478 [JavaFX Application Thread] DEBUG AssetLoader          - Loading from cache: /assets/textures/player2.gif
19:34:05.494 [JavaFX Application Thread] DEBUG AssetLoader          - Loading from cache: /assets/textures/player2.gif
19:34:05.510 [JavaFX Application Thread] DEBUG AssetLoader          - Loading from cache: /assets/textures/player2.gif
19:34:05.526 [JavaFX Application Thread] DEBUG AssetLoader          - Loading from cache: /assets/textures/player2.gif
19:34:05.542 [JavaFX Application Thread] DEBUG AssetLoader          - Loading from cache: /assets/textures/player2.gif
19:34:05.558 [JavaFX Application Thread] DEBUG AssetLoader          - Loading from cache: /assets/textures/player2.gif
19:34:05.574 [JavaFX Application Thread] DEBUG AssetLoader          - Loading from cache: /assets/textures/player2.gif
19:34:05.590 [JavaFX Application Thread] DEBUG AssetLoader          - Loading from cache: /assets/textures/player2.gif
19:34:05.606 [JavaFX Application Thread] DEBUG AssetLoader          - Loading from cache: /assets/textures/player2.gif
19:34:05.622 [JavaFX Application Thread] DEBUG AssetLoader          - Loading from cache: /assets/textures/player2.gif
19:34:05.638 [JavaFX Application Thread] DEBUG AssetLoader          - Loading from cache: /assets/textures/player2.gif
19:34:05.654 [JavaFX Application Thread] DEBUG AssetLoader          - Loading from cache: /assets/textures/player2.gif
19:34:05.671 [JavaFX Application Thread] DEBUG AssetLoader          - Loading from cache: /assets/textures/player2.gif
19:34:05.686 [JavaFX Application Thread] DEBUG AssetLoader          - Loading from cache: /assets/textures/player2.gif
19:34:05.702 [JavaFX Application Thread] DEBUG AssetLoader          - Loading from cache: /assets/textures/player2.gif
19:34:05.720 [JavaFX Application Thread] DEBUG AssetLoader          - Loading from cache: /assets/textures/player2.gif
19:34:05.736 [JavaFX Application Thread] DEBUG AssetLoader          - Loading from cache: /assets/textures/player2.gif
19:34:05.767 [JavaFX Application Thread] DEBUG AssetLoader          - Loading from cache: /assets/textures/player2.gif
19:34:05.782 [JavaFX Application Thread] DEBUG AssetLoader          - Loading from cache: /assets/textures/player2.gif
19:34:05.798 [JavaFX Application Thread] DEBUG AssetLoader          - Loading from cache: /assets/textures/player2.gif
19:34:05.814 [JavaFX Application Thread] DEBUG AssetLoader          - Loading from cache: /assets/textures/player2.gif
19:34:05.830 [JavaFX Application Thread] DEBUG AssetLoader          - Loading from cache: /assets/textures/player2.gif
19:34:05.846 [JavaFX Application Thread] DEBUG AssetLoader          - Loading from cache: /assets/textures/player2.gif
19:34:05.910 [JavaFX Application Thread] DEBUG AssetLoader          - Loading from cache: /assets/textures/player2.gif
19:34:05.926 [JavaFX Application Thread] DEBUG AssetLoader          - Loading from cache: /assets/textures/player2.gif
19:34:05.942 [JavaFX Application Thread] DEBUG AssetLoader          - Loading from cache: /assets/textures/player2.gif
19:34:05.991 [JavaFX Application Thread] DEBUG AssetLoader          - Loading from cache: /assets/textures/player2.gif
19:34:06.006 [JavaFX Application Thread] DEBUG AssetLoader          - Loading from cache: /assets/textures/player2.gif
19:34:06.134 [JavaFX Application Thread] DEBUG AssetLoader          - Loading from cache: /assets/textures/player2.gif
19:34:06.150 [JavaFX Application Thread] DEBUG AssetLoader          - Loading from cache: /assets/textures/player2.gif
19:34:06.214 [JavaFX Application Thread] DEBUG AssetLoader          - Loading from cache: /assets/textures/player2.gif
19:34:06.230 [JavaFX Application Thread] DEBUG AssetLoader          - Loading from cache: /assets/textures/player2.gif
19:34:06.246 [JavaFX Application Thread] DEBUG AssetLoader          - Loading from cache: /assets/textures/player2.gif
19:34:06.262 [JavaFX Application Thread] DEBUG AssetLoader          - Loading from cache: /assets/textures/player2.gif
19:34:06.278 [JavaFX Application Thread] DEBUG AssetLoader          - Loading from cache: /assets/textures/player2.gif
19:34:06.294 [JavaFX Application Thread] DEBUG AssetLoader          - Loading from cache: /assets/textures/player2.gif
19:34:06.310 [JavaFX Application Thread] DEBUG AssetLoader          - Loading from cache: /assets/textures/player2.gif
19:34:06.326 [JavaFX Application Thread] DEBUG AssetLoader          - Loading from cache: /assets/textures/player2.gif
19:34:06.342 [JavaFX Application Thread] DEBUG AssetLoader          - Loading from cache: /assets/textures/player2.gif
19:34:06.358 [JavaFX Application Thread] DEBUG AssetLoader          - Loading from cache: /assets/textures/player2.gif
19:34:06.374 [JavaFX Application Thread] DEBUG AssetLoader          - Loading from cache: /assets/textures/player2.gif
19:34:06.390 [JavaFX Application Thread] DEBUG AssetLoader          - Loading from cache: /assets/textures/player2.gif
19:34:06.406 [JavaFX Application Thread] DEBUG AssetLoader          - Loading from cache: /assets/textures/player2.gif
19:34:06.422 [JavaFX Application Thread] DEBUG AssetLoader          - Loading from cache: /assets/textures/player2.gif
19:34:06.438 [JavaFX Application Thread] DEBUG AssetLoader          - Loading from cache: /assets/textures/player2.gif
19:34:06.454 [JavaFX Application Thread] DEBUG AssetLoader          - Loading from cache: /assets/textures/player2.gif
19:34:06.470 [JavaFX Application Thread] DEBUG AssetLoader          - Loading from cache: /assets/textures/player2.gif
19:34:06.486 [JavaFX Application Thread] DEBUG AssetLoader          - Loading from cache: /assets/textures/player2.gif
19:34:06.502 [JavaFX Application Thread] DEBUG AssetLoader          - Loading from cache: /assets/textures/player2.gif
19:34:06.518 [JavaFX Application Thread] DEBUG AssetLoader          - Loading from cache: /assets/textures/player2.gif
19:34:06.534 [JavaFX Application Thread] DEBUG AssetLoader          - Loading from cache: /assets/textures/player2.gif
19:34:06.552 [JavaFX Application Thread] DEBUG AssetLoader          - Loading from cache: /assets/textures/player2.gif
19:34:06.566 [JavaFX Application Thread] DEBUG AssetLoader          - Loading from cache: /assets/textures/player2.gif
19:34:06.599 [JavaFX Application Thread] DEBUG AssetLoader          - Loading from cache: /assets/textures/player2.gif
19:34:06.616 [JavaFX Application Thread] DEBUG AssetLoader          - Loading from cache: /assets/textures/player2.gif
19:34:06.630 [JavaFX Application Thread] DEBUG AssetLoader          - Loading from cache: /assets/textures/player2.gif
19:34:06.646 [JavaFX Application Thread] DEBUG AssetLoader          - Loading from cache: /assets/textures/player2.gif
19:34:06.662 [JavaFX Application Thread] DEBUG AssetLoader          - Loading from cache: /assets/textures/player2.gif
19:34:06.678 [JavaFX Application Thread] DEBUG AssetLoader          - Loading from cache: /assets/textures/player2.gif
19:34:06.694 [JavaFX Application Thread] DEBUG AssetLoader          - Loading from cache: /assets/textures/player2.gif
19:34:06.710 [JavaFX Application Thread] DEBUG AssetLoader          - Loading from cache: /assets/textures/player2.gif
19:34:06.725 [JavaFX Application Thread] DEBUG AssetLoader          - Loading from cache: /assets/textures/player2.gif
19:34:06.742 [JavaFX Application Thread] DEBUG AssetLoader          - Loading from cache: /assets/textures/player2.gif
19:34:06.758 [JavaFX Application Thread] DEBUG AssetLoader          - Loading from cache: /assets/textures/player2.gif
19:34:06.774 [JavaFX Application Thread] DEBUG AssetLoader          - Loading from cache: /assets/textures/player2.gif
19:34:06.790 [JavaFX Application Thread] DEBUG AssetLoader          - Loading from cache: /assets/textures/player2.gif
19:34:06.806 [JavaFX Application Thread] DEBUG AssetLoader          - Loading from cache: /assets/textures/player2.gif
19:34:06.823 [JavaFX Application Thread] DEBUG AssetLoader          - Loading from cache: /assets/textures/player2.gif
19:34:06.839 [JavaFX Application Thread] DEBUG AssetLoader          - Loading from cache: /assets/textures/player2.gif
19:34:06.854 [JavaFX Application Thread] DEBUG AssetLoader          - Loading from cache: /assets/textures/player2.gif
19:34:06.870 [JavaFX Application Thread] DEBUG AssetLoader          - Loading from cache: /assets/textures/player2.gif
19:34:06.886 [JavaFX Application Thread] DEBUG AssetLoader          - Loading from cache: /assets/textures/player2.gif
19:34:06.902 [JavaFX Application Thread] DEBUG AssetLoader          - Loading from cache: /assets/textures/player2.gif
19:34:06.918 [JavaFX Application Thread] DEBUG AssetLoader          - Loading from cache: /assets/textures/player2.gif
19:34:06.934 [JavaFX Application Thread] DEBUG AssetLoader          - Loading from cache: /assets/textures/player2.gif
19:34:06.950 [JavaFX Application Thread] DEBUG AssetLoader          - Loading from cache: /assets/textures/player2.gif
19:34:06.968 [JavaFX Application Thread] DEBUG AssetLoader          - Loading from cache: /assets/textures/player2.gif
19:34:06.984 [JavaFX Application Thread] DEBUG AssetLoader          - Loading from cache: /assets/textures/player2.gif
19:34:07.014 [JavaFX Application Thread] DEBUG AssetLoader          - Loading from cache: /assets/textures/player2.gif
19:34:07.031 [JavaFX Application Thread] DEBUG AssetLoader          - Loading from cache: /assets/textures/player2.gif
19:34:07.094 [JavaFX Application Thread] DEBUG AssetLoader          - Loading from cache: /assets/textures/player2.gif
19:34:07.111 [JavaFX Application Thread] DEBUG AssetLoader          - Loading from cache: /assets/textures/player2.gif
19:34:07.126 [JavaFX Application Thread] DEBUG AssetLoader          - Loading from cache: /assets/textures/player2.gif
19:34:07.142 [JavaFX Application Thread] DEBUG AssetLoader          - Loading from cache: /assets/textures/player2.gif
19:34:07.158 [JavaFX Application Thread] DEBUG AssetLoader          - Loading from cache: /assets/textures/player2.gif
19:34:07.174 [JavaFX Application Thread] DEBUG AssetLoader          - Loading from cache: /assets/textures/player2.gif
19:34:07.190 [JavaFX Application Thread] DEBUG AssetLoader          - Loading from cache: /assets/textures/player2.gif
19:34:07.206 [JavaFX Application Thread] DEBUG AssetLoader          - Loading from cache: /assets/textures/player2.gif
19:34:07.222 [JavaFX Application Thread] DEBUG AssetLoader          - Loading from cache: /assets/textures/player2.gif
19:34:07.238 [JavaFX Application Thread] DEBUG AssetLoader          - Loading from cache: /assets/textures/player2.gif
19:34:07.254 [JavaFX Application Thread] DEBUG AssetLoader          - Loading from cache: /assets/textures/player2.gif
19:34:07.270 [JavaFX Application Thread] DEBUG AssetLoader          - Loading from cache: /assets/textures/player2.gif
19:34:07.286 [JavaFX Application Thread] DEBUG AssetLoader          - Loading from cache: /assets/textures/player2.gif
19:34:07.302 [JavaFX Application Thread] DEBUG AssetLoader          - Loading from cache: /assets/textures/player2.gif
19:34:07.318 [JavaFX Application Thread] DEBUG AssetLoader          - Loading from cache: /assets/textures/player2.gif
19:34:07.334 [JavaFX Application Thread] DEBUG AssetLoader          - Loading from cache: /assets/textures/player2.gif
19:34:07.350 [JavaFX Application Thread] DEBUG AssetLoader          - Loading from cache: /assets/textures/player2.gif
19:34:07.367 [JavaFX Application Thread] DEBUG AssetLoader          - Loading from cache: /assets/textures/player2.gif
19:34:07.382 [JavaFX Application Thread] DEBUG AssetLoader          - Loading from cache: /assets/textures/player2.gif
19:34:07.414 [JavaFX Application Thread] DEBUG AssetLoader          - Loading from cache: /assets/textures/player2.gif
19:34:07.431 [JavaFX Application Thread] DEBUG AssetLoader          - Loading from cache: /assets/textures/player2.gif
19:34:07.446 [JavaFX Application Thread] DEBUG AssetLoader          - Loading from cache: /assets/textures/player2.gif
19:34:07.462 [JavaFX Application Thread] DEBUG AssetLoader          - Loading from cache: /assets/textures/player2.gif
19:34:07.479 [JavaFX Application Thread] DEBUG AssetLoader          - Loading from cache: /assets/textures/player2.gif
19:34:07.494 [JavaFX Application Thread] DEBUG AssetLoader          - Loading from cache: /assets/textures/player2.gif
19:34:07.510 [JavaFX Application Thread] DEBUG AssetLoader          - Loading from cache: /assets/textures/player2.gif
19:34:07.526 [JavaFX Application Thread] DEBUG AssetLoader          - Loading from cache: /assets/textures/player2.gif
19:34:07.542 [JavaFX Application Thread] DEBUG AssetLoader          - Loading from cache: /assets/textures/player2.gif
19:34:07.558 [JavaFX Application Thread] DEBUG AssetLoader          - Loading from cache: /assets/textures/player2.gif
19:34:07.574 [JavaFX Application Thread] DEBUG AssetLoader          - Loading from cache: /assets/textures/player2.gif
19:34:07.590 [JavaFX Application Thread] DEBUG AssetLoader          - Loading from cache: /assets/textures/player2.gif
19:34:07.606 [JavaFX Application Thread] DEBUG AssetLoader          - Loading from cache: /assets/textures/player2.gif
19:34:07.623 [JavaFX Application Thread] DEBUG AssetLoader          - Loading from cache: /assets/textures/player2.gif
19:34:07.638 [JavaFX Application Thread] DEBUG AssetLoader          - Loading from cache: /assets/textures/player2.gif
19:34:07.654 [JavaFX Application Thread] DEBUG AssetLoader          - Loading from cache: /assets/textures/player2.gif
19:34:07.670 [JavaFX Application Thread] DEBUG AssetLoader          - Loading from cache: /assets/textures/player2.gif
19:34:07.686 [JavaFX Application Thread] DEBUG AssetLoader          - Loading from cache: /assets/textures/player2.gif
19:34:07.702 [JavaFX Application Thread] DEBUG AssetLoader          - Loading from cache: /assets/textures/player2.gif
19:34:07.718 [JavaFX Application Thread] DEBUG AssetLoader          - Loading from cache: /assets/textures/player2.gif
19:34:07.734 [JavaFX Application Thread] DEBUG AssetLoader          - Loading from cache: /assets/textures/player2.gif
19:34:07.862 [JavaFX Application Thread] DEBUG AssetLoader          - Loading from cache: /assets/textures/player2.gif
19:34:07.878 [JavaFX Application Thread] DEBUG AssetLoader          - Loading from cache: /assets/textures/player2.gif
19:34:07.894 [JavaFX Application Thread] DEBUG AssetLoader          - Loading from cache: /assets/textures/player2.gif
19:34:07.910 [JavaFX Application Thread] DEBUG AssetLoader          - Loading from cache: /assets/textures/player2.gif
19:34:07.926 [JavaFX Application Thread] DEBUG AssetLoader          - Loading from cache: /assets/textures/player2.gif
19:34:07.942 [JavaFX Application Thread] DEBUG AssetLoader          - Loading from cache: /assets/textures/player2.gif
19:34:07.958 [JavaFX Application Thread] DEBUG AssetLoader          - Loading from cache: /assets/textures/player2.gif
19:34:07.974 [JavaFX Application Thread] DEBUG AssetLoader          - Loading from cache: /assets/textures/player2.gif
19:34:07.990 [JavaFX Application Thread] DEBUG AssetLoader          - Loading from cache: /assets/textures/player2.gif
19:34:08.006 [JavaFX Application Thread] DEBUG AssetLoader          - Loading from cache: /assets/textures/player2.gif
19:34:08.022 [JavaFX Application Thread] DEBUG AssetLoader          - Loading from cache: /assets/textures/player2.gif
19:34:08.038 [JavaFX Application Thread] DEBUG AssetLoader          - Loading from cache: /assets/textures/player2.gif
19:34:08.054 [JavaFX Application Thread] DEBUG AssetLoader          - Loading from cache: /assets/textures/player2.gif
19:34:08.071 [JavaFX Application Thread] DEBUG AssetLoader          - Loading from cache: /assets/textures/player2.gif
19:34:08.087 [JavaFX Application Thread] DEBUG AssetLoader          - Loading from cache: /assets/textures/player2.gif
19:34:08.102 [JavaFX Application Thread] DEBUG AssetLoader          - Loading from cache: /assets/textures/player2.gif
19:34:08.118 [JavaFX Application Thread] DEBUG AssetLoader          - Loading from cache: /assets/textures/player2.gif
19:34:08.134 [JavaFX Application Thread] DEBUG AssetLoader          - Loading from cache: /assets/textures/player2.gif
19:34:08.150 [JavaFX Application Thread] DEBUG AssetLoader          - Loading from cache: /assets/textures/player2.gif
19:34:08.166 [JavaFX Application Thread] DEBUG AssetLoader          - Loading from cache: /assets/textures/player2.gif
19:34:08.182 [JavaFX Application Thread] DEBUG AssetLoader          - Loading from cache: /assets/textures/player2.gif
19:34:08.198 [JavaFX Application Thread] DEBUG AssetLoader          - Loading from cache: /assets/textures/player2.gif
19:34:08.277 [JavaFX Application Thread] DEBUG AssetLoader          - Loading from cache: /assets/textures/player2.gif
19:34:08.310 [JavaFX Application Thread] DEBUG AssetLoader          - Loading from cache: /assets/textures/player2.gif
19:34:08.326 [JavaFX Application Thread] DEBUG AssetLoader          - Loading from cache: /assets/textures/player2.gif
19:34:08.343 [JavaFX Application Thread] DEBUG AssetLoader          - Loading from cache: /assets/textures/player2.gif
19:34:08.358 [JavaFX Application Thread] DEBUG AssetLoader          - Loading from cache: /assets/textures/player2.gif
19:34:08.374 [JavaFX Application Thread] DEBUG AssetLoader          - Loading from cache: /assets/textures/player2.gif
19:34:08.390 [JavaFX Application Thread] DEBUG AssetLoader          - Loading from cache: /assets/textures/player2.gif
19:34:08.406 [JavaFX Application Thread] DEBUG AssetLoader          - Loading from cache: /assets/textures/player2.gif
19:34:08.422 [JavaFX Application Thread] DEBUG AssetLoader          - Loading from cache: /assets/textures/player2.gif
19:34:08.438 [JavaFX Application Thread] DEBUG AssetLoader          - Loading from cache: /assets/textures/player2.gif
19:34:08.454 [JavaFX Application Thread] DEBUG AssetLoader          - Loading from cache: /assets/textures/player2.gif
19:34:08.470 [JavaFX Application Thread] DEBUG AssetLoader          - Loading from cache: /assets/textures/player2.gif
19:34:08.486 [JavaFX Application Thread] DEBUG AssetLoader          - Loading from cache: /assets/textures/player2.gif
19:34:08.502 [JavaFX Application Thread] DEBUG AssetLoader          - Loading from cache: /assets/textures/player2.gif
19:34:08.518 [JavaFX Application Thread] DEBUG AssetLoader          - Loading from cache: /assets/textures/player2.gif
19:34:08.534 [JavaFX Application Thread] DEBUG AssetLoader          - Loading from cache: /assets/textures/player2.gif
19:34:08.550 [JavaFX Application Thread] DEBUG AssetLoader          - Loading from cache: /assets/textures/player2.gif
19:34:08.566 [JavaFX Application Thread] DEBUG AssetLoader          - Loading from cache: /assets/textures/player2.gif
19:34:08.582 [JavaFX Application Thread] DEBUG AssetLoader          - Loading from cache: /assets/textures/player2.gif
19:34:08.598 [JavaFX Application Thread] DEBUG AssetLoader          - Loading from cache: /assets/textures/player2.gif
19:34:08.615 [JavaFX Application Thread] DEBUG AssetLoader          - Loading from cache: /assets/textures/player2.gif
19:34:08.632 [JavaFX Application Thread] DEBUG AssetLoader          - Loading from cache: /assets/textures/player2_still.png
19:34:09.951 [JavaFX Application Thread] DEBUG MainWindow           - Push state: DialogSubState
19:34:09.952 [JavaFX Application Thread] DEBUG Input                - Clearing active input actions
19:34:09.952 [JavaFX Application Thread] DEBUG MainWindow           - GameScene -> DialogSubState
19:34:09.963 [JavaFX Application Thread] DEBUG Engine               - Removing overlay from GameScene and adding to DialogSubState
19:34:11.660 [JavaFX Application Thread] DEBUG MainWindow           - Pop state: DialogSubState
19:34:11.661 [JavaFX Application Thread] DEBUG Input                - Clearing active input actions
19:34:11.661 [JavaFX Application Thread] DEBUG Engine               - Removing overlay from DialogSubState and adding to GameScene
19:34:11.662 [JavaFX Application Thread] DEBUG MainWindow           - GameScene <- DialogSubState
19:34:11.662 [JavaFX Application Thread] DEBUG Engine               - Exiting FXGL
19:34:11.662 [JavaFX Application Thread] DEBUG Engine               - Shutting down background threads
19:34:11.662 [JavaFX Application Thread] DEBUG Engine               - Saving FXGL system data
19:34:11.665 [JavaFX Application Thread] DEBUG MobileFSService      - Writing to: E:\javafx-workshop\system\fxgl.bundle
19:34:11.671 [JavaFX Application Thread] DEBUG Engine               - Closing logger and exiting JavaFX
