19:37:24.542 [main                     ] DEBUG GameApplication      - Logger initialized
19:37:24.556 [main                     ] DEBUG GameApplication      - Logging settings
Title: NewGame
Version: 0.0
Width: 1200
Height: 700
Fullscreen: false
Intro: false
Menus: false
Profiling: false
Single step:false
App Mode: DEVELOPER
Menu Key: ESCAPE
Stage Style: DECORATED
Scene Factory: class com.almasb.fxgl.app.SceneFactory
Dialog Factory: class com.almasb.fxgl.ui.FXGLDialogFactory
UI Factory: class com.almasb.fxgl.ui.FXGLUIFactory

19:37:24.938 [JavaFX Application Thread] DEBUG Engine               - Initializing FXGL
19:37:24.946 [JavaFX Application Thread] INFO  Engine               - FXGL-11.2-beta on DESKTOP
19:37:24.946 [JavaFX Application Thread] INFO  Engine               - Source code and latest versions at: https://github.com/AlmasB/FXGL
19:37:24.947 [JavaFX Application Thread] INFO  Engine               -              Join the FXGL chat at: https://gitter.im/AlmasB/FXGL
19:37:24.950 [JavaFX Application Thread] DEBUG Engine               - Adding new engine service: class com.almasb.fxgl.audio.AudioPlayer
19:37:24.952 [JavaFX Application Thread] DEBUG Engine               - Adding new engine service: class com.almasb.fxgl.notification.impl.NotificationServiceProvider
19:37:24.952 [JavaFX Application Thread] DEBUG Engine               - Adding new engine service: class com.almasb.fxgl.achievement.AchievementManager
19:37:24.953 [JavaFX Application Thread] DEBUG Engine               - Adding new engine service: class com.almasb.fxgl.dev.DevService
19:37:24.968 [JavaFX Application Thread] DEBUG SaveLoadManager      - Checking profiles dir: profiles/
19:37:24.971 [JavaFX Application Thread] DEBUG FS                   - Loaded MobileFSService
19:37:24.971 [JavaFX Application Thread] DEBUG Engine               - Loading localizations
19:37:24.980 [JavaFX Application Thread] DEBUG AssetLoader          - Loading from disk: /assets/properties/languages/english.properties
19:37:24.983 [JavaFX Application Thread] DEBUG AssetLoader          - Loading from disk: /assets/properties/languages/french.properties
19:37:24.985 [JavaFX Application Thread] DEBUG AssetLoader          - Loading from disk: /assets/properties/languages/german.properties
19:37:24.986 [JavaFX Application Thread] DEBUG AssetLoader          - Loading from disk: /assets/properties/languages/russian.properties
19:37:24.988 [JavaFX Application Thread] DEBUG AssetLoader          - Loading from disk: /assets/properties/languages/hungarian.properties
19:37:24.990 [JavaFX Application Thread] DEBUG Engine               - Registering font factories
19:37:24.991 [JavaFX Application Thread] DEBUG AssetLoader          - Loading from disk: /assets/ui/fonts/VarelaRound-Regular.ttf
19:37:25.188 [JavaFX Application Thread] DEBUG AssetLoader          - Loading from disk: /assets/ui/fonts/Abel-Regular.ttf
19:37:25.192 [JavaFX Application Thread] DEBUG AssetLoader          - Loading from disk: /assets/ui/fonts/lucida_console.ttf
19:37:25.198 [JavaFX Application Thread] DEBUG AssetLoader          - Loading from disk: /assets/ui/fonts/Courier-Prime.ttf
19:37:25.202 [JavaFX Application Thread] DEBUG Engine               - Setting UI factory
19:37:25.289 [JavaFX Application Thread] DEBUG AssetLoader          - Loading from disk: /assets/ui/cursors/fxgl_default.png
19:37:25.382 [JavaFX Application Thread] DEBUG MainWindow           - Creating a JavaFX scene
19:37:25.457 [JavaFX Application Thread] DEBUG MainWindow           - Target settings size: 1200.0 x 700.0
19:37:25.457 [JavaFX Application Thread] DEBUG MainWindow           - Scaled scene size:    1200.0 x 700.0
19:37:25.458 [JavaFX Application Thread] DEBUG MainWindow           - Scaled ratio: (1.0, 1.0)
19:37:25.459 [JavaFX Application Thread] DEBUG AssetLoader          - Loading from disk: /assets/ui/css/fxgl_dark.css
19:37:25.460 [JavaFX Application Thread] DEBUG Input                - Clearing active input actions
19:37:25.460 [JavaFX Application Thread] DEBUG MainWindow           - StartupScene -> StartupScene
19:37:25.463 [JavaFX Application Thread] DEBUG AssetLoader          - Loading from disk: /assets/textures/fxgl_icon.png
19:37:25.485 [JavaFX Application Thread] DEBUG MainWindow           - Opening main window
19:37:25.666 [JavaFX Application Thread] DEBUG MainWindow           - Window border size: (14.4000244140625, 37.5999755859375)
19:37:25.666 [JavaFX Application Thread] DEBUG MainWindow           - Scaled size: 1200.0 x 700.0
19:37:25.667 [JavaFX Application Thread] DEBUG MainWindow           - Scaled ratio: (1.0, 1.0)
19:37:25.667 [JavaFX Application Thread] DEBUG MainWindow           - Scene size: 1200.0 x 700.0
19:37:25.668 [JavaFX Application Thread] DEBUG MainWindow           - Stage size: 1214.4000244140625 x 737.5999755859375
19:37:25.706 [FXGL Background Thread 1 ] DEBUG Engine               - Loading FXGL system data
19:37:25.717 [FXGL Background Thread 1 ] DEBUG MobileFSService      - Reading from: E:\javafx-workshop\system\fxgl.bundle
19:37:25.733 [FXGL Background Thread 1 ] DEBUG Engine               - Bundle FXGL: {}
19:37:25.733 [FXGL Background Thread 1 ] DEBUG Engine               - Initializing application scenes
19:37:25.735 [FXGL Background Thread 1 ] DEBUG AssetLoader          - Loading from disk: /assets/ui/cursors/fxgl_default.png
19:37:25.764 [FXGL Background Thread 1 ] DEBUG GameWorld            - Game world initialized
19:37:25.920 [FXGL Background Thread 1 ] DEBUG PhysicsWorld         - Physics world initialized: appHeight=700, physics.ppm=50.0
19:37:25.923 [FXGL Background Thread 1 ] DEBUG AssetLoader          - Loading from disk: /assets/ui/cursors/fxgl_default.png
19:37:25.927 [FXGL Background Thread 1 ] DEBUG GameScene            - Game scene initialized: 1200x700
19:37:25.982 [FXGL Background Thread 1 ] DEBUG Input                - Registered new binding: Pause - Esc
19:37:25.982 [FXGL Background Thread 1 ] DEBUG Engine               - Application scenes initialized
19:37:25.986 [JavaFX Application Thread] DEBUG Engine               - Running preInit()
19:37:25.987 [JavaFX Application Thread] FATAL Engine               - Uncaught Exception:

Fatal exception occurred: java.lang.IllegalArgumentException : Property Coins does not exist
E: com.almasb.fxgl.core.collection.PropertyMap.get(PropertyMap.kt:155)
E: com.almasb.fxgl.core.collection.PropertyMap.intProperty(PropertyMap.kt:107)
E: com.almasb.fxgl.core.collection.PropertyMap.getInt(PropertyMap.kt:97)
E: com.almasb.fxgl.gameplay.GameState.getInt(GameState.kt:52)
E: MainGame.initInput(MainGame.java:124)
E: com.almasb.fxgl.app.Engine.runPreInit(Engine.kt:409)
E: com.almasb.fxgl.app.Engine.access$runPreInit(Engine.kt:45)
E: com.almasb.fxgl.app.Engine$startLoop$1$2.run(Engine.kt:200)
E: com.almasb.fxgl.core.concurrent.Async.lambda$startFX$1(Async.java:61)
E: com.almasb.fxgl.core.concurrent.FXCoroutine$1.run(Concurrent.kt:58)
E: com.sun.javafx.application.PlatformImpl.lambda$runLater$10(PlatformImpl.java:428)
E: java.base/java.security.AccessController.doPrivileged(AccessController.java:389)
E: com.sun.javafx.application.PlatformImpl.lambda$runLater$11(PlatformImpl.java:427)
E: com.sun.glass.ui.InvokeLaterDispatcher$Future.run(InvokeLaterDispatcher.java:96)
E: com.sun.glass.ui.win.WinApplication._runLoop(Native Method)
E: com.sun.glass.ui.win.WinApplication.lambda$runLoop$3(WinApplication.java:174)
E: java.base/java.lang.Thread.run(Thread.java:835)

19:37:25.987 [JavaFX Application Thread] FATAL Engine               - Application will now exit
19:37:25.987 [JavaFX Application Thread] DEBUG LoopRunner           - Stopping loop
