17:59:12.824 [main                     ] DEBUG GameApplication      - Logger initialized
17:59:12.859 [main                     ] DEBUG GameApplication      - Logging settings
Title: NewGame
Version: 0.0
Width: 1200
Height: 700
Fullscreen: false
Intro: false
Menus: false
Profiling: false
Single step:false
App Mode: DEVELOPER
Menu Key: ESCAPE
Stage Style: DECORATED
Scene Factory: class com.almasb.fxgl.app.SceneFactory
Dialog Factory: class com.almasb.fxgl.ui.FXGLDialogFactory
UI Factory: class com.almasb.fxgl.ui.FXGLUIFactory

17:59:15.143 [JavaFX Application Thread] DEBUG Engine               - Initializing FXGL
17:59:15.160 [JavaFX Application Thread] INFO  Engine               - FXGL-11.2-beta on DESKTOP
17:59:15.160 [JavaFX Application Thread] INFO  Engine               - Source code and latest versions at: https://github.com/AlmasB/FXGL
17:59:15.160 [JavaFX Application Thread] INFO  Engine               -              Join the FXGL chat at: https://gitter.im/AlmasB/FXGL
17:59:15.187 [JavaFX Application Thread] DEBUG Engine               - Adding new engine service: class com.almasb.fxgl.audio.AudioPlayer
17:59:15.190 [JavaFX Application Thread] DEBUG Engine               - Adding new engine service: class com.almasb.fxgl.notification.impl.NotificationServiceProvider
17:59:15.206 [JavaFX Application Thread] DEBUG Engine               - Adding new engine service: class com.almasb.fxgl.achievement.AchievementManager
17:59:15.208 [JavaFX Application Thread] DEBUG Engine               - Adding new engine service: class com.almasb.fxgl.dev.DevService
17:59:15.353 [JavaFX Application Thread] DEBUG SaveLoadManager      - Checking profiles dir: profiles/
17:59:15.380 [JavaFX Application Thread] DEBUG FS                   - Loaded MobileFSService
17:59:15.381 [JavaFX Application Thread] DEBUG Engine               - Loading localizations
17:59:15.474 [JavaFX Application Thread] DEBUG AssetLoader          - Loading from disk: /assets/properties/languages/english.properties
17:59:15.489 [JavaFX Application Thread] DEBUG AssetLoader          - Loading from disk: /assets/properties/languages/french.properties
17:59:15.502 [JavaFX Application Thread] DEBUG AssetLoader          - Loading from disk: /assets/properties/languages/german.properties
17:59:15.507 [JavaFX Application Thread] DEBUG AssetLoader          - Loading from disk: /assets/properties/languages/russian.properties
17:59:15.512 [JavaFX Application Thread] DEBUG AssetLoader          - Loading from disk: /assets/properties/languages/hungarian.properties
17:59:15.520 [JavaFX Application Thread] DEBUG Engine               - Registering font factories
17:59:15.522 [JavaFX Application Thread] DEBUG AssetLoader          - Loading from disk: /assets/ui/fonts/VarelaRound-Regular.ttf
17:59:16.003 [JavaFX Application Thread] DEBUG AssetLoader          - Loading from disk: /assets/ui/fonts/Abel-Regular.ttf
17:59:16.052 [JavaFX Application Thread] DEBUG AssetLoader          - Loading from disk: /assets/ui/fonts/lucida_console.ttf
17:59:16.112 [JavaFX Application Thread] DEBUG AssetLoader          - Loading from disk: /assets/ui/fonts/Courier-Prime.ttf
17:59:16.125 [JavaFX Application Thread] DEBUG Engine               - Setting UI factory
17:59:16.378 [JavaFX Application Thread] DEBUG AssetLoader          - Loading from disk: /assets/ui/cursors/fxgl_default.png
17:59:16.591 [JavaFX Application Thread] DEBUG MainWindow           - Creating a JavaFX scene
17:59:16.717 [JavaFX Application Thread] DEBUG MainWindow           - Target settings size: 1200.0 x 700.0
17:59:16.717 [JavaFX Application Thread] DEBUG MainWindow           - Scaled scene size:    1200.0 x 700.0
17:59:16.717 [JavaFX Application Thread] DEBUG MainWindow           - Scaled ratio: (1.0, 1.0)
17:59:16.719 [JavaFX Application Thread] DEBUG AssetLoader          - Loading from disk: /assets/ui/css/fxgl_dark.css
17:59:16.720 [JavaFX Application Thread] DEBUG Input                - Clearing active input actions
17:59:16.721 [JavaFX Application Thread] DEBUG MainWindow           - StartupScene -> StartupScene
17:59:16.753 [JavaFX Application Thread] DEBUG AssetLoader          - Loading from disk: /assets/textures/fxgl_icon.png
17:59:16.796 [JavaFX Application Thread] DEBUG MainWindow           - Opening main window
17:59:17.532 [JavaFX Application Thread] DEBUG MainWindow           - Window border size: (14.4000244140625, 37.5999755859375)
17:59:17.532 [JavaFX Application Thread] DEBUG MainWindow           - Scaled size: 1200.0 x 700.0
17:59:17.532 [JavaFX Application Thread] DEBUG MainWindow           - Scaled ratio: (1.0, 1.0)
17:59:17.533 [JavaFX Application Thread] DEBUG MainWindow           - Scene size: 1200.0 x 700.0
17:59:17.533 [JavaFX Application Thread] DEBUG MainWindow           - Stage size: 1214.4000244140625 x 737.5999755859375
17:59:17.657 [FXGL Background Thread 1 ] DEBUG Engine               - Loading FXGL system data
17:59:17.948 [FXGL Background Thread 1 ] DEBUG MobileFSService      - Reading from: E:\javafx-workshop\system\fxgl.bundle
17:59:18.010 [FXGL Background Thread 1 ] DEBUG Engine               - Bundle FXGL: {}
17:59:18.010 [FXGL Background Thread 1 ] DEBUG Engine               - Initializing application scenes
17:59:18.016 [FXGL Background Thread 1 ] DEBUG AssetLoader          - Loading from disk: /assets/ui/cursors/fxgl_default.png
17:59:18.193 [FXGL Background Thread 1 ] DEBUG GameWorld            - Game world initialized
17:59:18.413 [FXGL Background Thread 1 ] DEBUG PhysicsWorld         - Physics world initialized: appHeight=700, physics.ppm=50.0
17:59:18.415 [FXGL Background Thread 1 ] DEBUG AssetLoader          - Loading from disk: /assets/ui/cursors/fxgl_default.png
17:59:18.419 [FXGL Background Thread 1 ] DEBUG GameScene            - Game scene initialized: 1200x700
17:59:18.474 [FXGL Background Thread 1 ] DEBUG Input                - Registered new binding: Pause - Esc
17:59:18.474 [FXGL Background Thread 1 ] DEBUG Engine               - Application scenes initialized
17:59:18.486 [JavaFX Application Thread] DEBUG Engine               - Running preInit()
17:59:18.487 [JavaFX Application Thread] DEBUG Input                - Registered new binding: Go right - Right
17:59:18.487 [JavaFX Application Thread] DEBUG Input                - Registered new binding: Go left - Left
17:59:18.487 [JavaFX Application Thread] DEBUG Input                - Registered new binding: Jump - Space
17:59:18.488 [JavaFX Application Thread] DEBUG Input                - Registered new binding: Screenshot - P
17:59:18.490 [JavaFX Application Thread] DEBUG Input                - Registered new binding: Dev Options - 1
17:59:18.491 [JavaFX Application Thread] DEBUG Input                - Registered new binding: System info dump - CTRL+9
17:59:18.491 [JavaFX Application Thread] DEBUG Input                - Registered new binding: Restart - CTRL+R
17:59:18.491 [JavaFX Application Thread] DEBUG Engine               - generateDefaultProfile()
17:59:18.492 [JavaFX Application Thread] DEBUG Engine               - Creating default profile
17:59:18.492 [JavaFX Application Thread] DEBUG EventBus             - Firing event: SaveEvent
17:59:18.508 [JavaFX Application Thread] DEBUG Engine               - Logging environment variables
17:59:18.508 [JavaFX Application Thread] DEBUG Engine               - achievementStores: []
17:59:18.508 [JavaFX Application Thread] DEBUG Engine               - cSS: fxgl_dark.css
17:59:18.509 [JavaFX Application Thread] DEBUG Engine               - language: ObjectProperty [value: ENGLISH]
17:59:18.509 [JavaFX Application Thread] DEBUG Engine               - isCloseConfirmation: true
17:59:18.509 [JavaFX Application Thread] DEBUG Engine               - isProfilingEnabled: false
17:59:18.509 [JavaFX Application Thread] DEBUG Engine               - soundNotification: core/notification.wav
17:59:18.509 [JavaFX Application Thread] DEBUG Engine               - pixelsPerMeter: 50.0
17:59:18.509 [JavaFX Application Thread] DEBUG Engine               - overlayRoot: Group@1fc76800
17:59:18.509 [JavaFX Application Thread] DEBUG Engine               - soundMenuBack: menu/back.wav
17:59:18.510 [JavaFX Application Thread] DEBUG Engine               - appIcon: fxgl_icon.png
17:59:18.510 [JavaFX Application Thread] DEBUG Engine               - isFullScreenAllowed: false
17:59:18.510 [JavaFX Application Thread] DEBUG Engine               - isIntroEnabled: false
17:59:18.510 [JavaFX Application Thread] DEBUG Engine               - fontMono: lucida_console.ttf
17:59:18.510 [JavaFX Application Thread] DEBUG Engine               - soundMenuSelect: menu/select.wav
17:59:18.510 [JavaFX Application Thread] DEBUG Engine               - height: 700
17:59:18.510 [JavaFX Application Thread] DEBUG Engine               - isSingleStep: false
17:59:18.510 [JavaFX Application Thread] DEBUG Engine               - fontGame: Abel-Regular.ttf
17:59:18.511 [JavaFX Application Thread] DEBUG Engine               - menuKey: ESCAPE
17:59:18.511 [JavaFX Application Thread] DEBUG Engine               - versionCheckDays: 7
17:59:18.511 [JavaFX Application Thread] DEBUG Engine               - masterTimer: com.almasb.fxgl.time.Timer@76e5ec1d
17:59:18.511 [JavaFX Application Thread] DEBUG Engine               - configClass: Optional.empty
17:59:18.511 [JavaFX Application Thread] DEBUG Engine               - version: 0.0
17:59:18.511 [JavaFX Application Thread] DEBUG Engine               - fullScreen: BooleanProperty [value: false]
17:59:18.511 [JavaFX Application Thread] DEBUG Engine               - dialogFactory: com.almasb.fxgl.ui.FXGLDialogFactory@61e24405
17:59:18.511 [JavaFX Application Thread] DEBUG Engine               - applicationMode: DEVELOPER
17:59:18.511 [JavaFX Application Thread] DEBUG Engine               - urlGoogleForms: https://goo.gl/forms/6wrMnOBxTE1fEpOy2
17:59:18.512 [JavaFX Application Thread] DEBUG Engine               - isMenuEnabled: false
17:59:18.512 [JavaFX Application Thread] DEBUG Engine               - urlPOM: https://raw.githubusercontent.com/AlmasB/FXGL/master/pom.xml
17:59:18.512 [JavaFX Application Thread] DEBUG Engine               - profileName: user.profile
17:59:18.512 [JavaFX Application Thread] DEBUG Engine               - notificationViewClass: class com.almasb.fxgl.notification.view.XboxNotificationView
17:59:18.512 [JavaFX Application Thread] DEBUG Engine               - sceneFactory: com.almasb.fxgl.app.SceneFactory@1cbe8d
17:59:18.512 [JavaFX Application Thread] DEBUG Engine               - dataFileExt: .dat
17:59:18.513 [JavaFX Application Thread] DEBUG Engine               - stageStyle: DECORATED
17:59:18.513 [JavaFX Application Thread] DEBUG Engine               - isManualResizeEnabled: false
17:59:18.513 [JavaFX Application Thread] DEBUG Engine               - title: NewGame
17:59:18.513 [JavaFX Application Thread] DEBUG Engine               - credits: []
17:59:18.513 [JavaFX Application Thread] DEBUG Engine               - uIFactory: com.almasb.fxgl.ui.FXGLUIFactory@1a6f5d0f
17:59:18.513 [JavaFX Application Thread] DEBUG Engine               - fontText: Courier-Prime.ttf
17:59:18.513 [JavaFX Application Thread] DEBUG Engine               - isExperimentalTiledLargeMap: false
17:59:18.513 [JavaFX Application Thread] DEBUG Engine               - secondsIn24h: 60
17:59:18.513 [JavaFX Application Thread] DEBUG Engine               - soundMenuPress: menu/press.wav
17:59:18.513 [JavaFX Application Thread] DEBUG Engine               - urlGithub: https://github.com/AlmasB/FXGL
17:59:18.514 [JavaFX Application Thread] DEBUG Engine               - profileDir: profiles/
17:59:18.514 [JavaFX Application Thread] DEBUG Engine               - urlLeaderboard: http://fxgl-top.herokuapp.com/
17:59:18.514 [JavaFX Application Thread] DEBUG Engine               - saveDir: saves/
17:59:18.514 [JavaFX Application Thread] DEBUG Engine               - engineServices: [class com.almasb.fxgl.audio.AudioPlayer, class com.almasb.fxgl.notification.impl.NotificationServiceProvider, class com.almasb.fxgl.achievement.AchievementManager]
17:59:18.514 [JavaFX Application Thread] DEBUG Engine               - width: 1200
17:59:18.514 [JavaFX Application Thread] DEBUG Engine               - saveFileExt: .sav
17:59:18.515 [JavaFX Application Thread] DEBUG Engine               - fontUI: VarelaRound-Regular.ttf
17:59:18.515 [JavaFX Application Thread] DEBUG Engine               - enabledMenuItems: []
17:59:18.603 [JavaFX Application Thread] INFO  Engine               - FXGL initialization took: 3.221 sec
17:59:18.616 [JavaFX Application Thread] DEBUG LoopRunner           - Starting loop
17:59:18.633 [JavaFX Application Thread] DEBUG StartupScene         - STARTUP
17:59:18.633 [JavaFX Application Thread] DEBUG Engine               - Starting new game
17:59:18.633 [JavaFX Application Thread] DEBUG AssetLoader          - Loading from disk: /assets/ui/css/fxgl_dark.css
17:59:18.634 [JavaFX Application Thread] DEBUG Input                - Clearing active input actions
17:59:18.666 [JavaFX Application Thread] DEBUG MainWindow           - StartupScene -> LoadingScene
17:59:18.678 [JavaFX Application Thread] DEBUG Engine               - Removing overlay from StartupScene and adding to LoadingScene
17:59:18.679 [FXGL Background Thread 1 ] DEBUG InitAppTask          - Clearing previous game
17:59:18.679 [FXGL Background Thread 1 ] DEBUG GameWorld            - Clearing game world
17:59:18.681 [FXGL Background Thread 1 ] DEBUG PhysicsWorld         - Clearing physics world
17:59:18.681 [FXGL Background Thread 1 ] DEBUG GameScene            - Clearing game scene
17:59:18.682 [FXGL Background Thread 1 ] DEBUG InitAppTask          - Initializing Game
17:59:18.688 [FXGL Background Thread 1 ] DEBUG AssetLoader          - Loading from disk: /assets/textures/final1.jpg
17:59:19.166 [FXGL Background Thread 1 ] DEBUG AssetLoader          - Loading from disk: /assets/textures/player2_still.png
17:59:19.186 [FXGL Background Thread 1 ] DEBUG InitAppTask          - Initializing Physics
17:59:19.187 [FXGL Background Thread 1 ] DEBUG InitAppTask          - Initializing UI
17:59:19.192 [FXGL Background Thread 1 ] DEBUG InitAppTask          - Initialization Complete
17:59:19.192 [FXGL Background Thread 1 ] INFO  InitAppTask          - Game initialization took: 0.513 sec
17:59:19.290 [JavaFX Application Thread] DEBUG AssetLoader          - Loading from disk: /assets/ui/css/fxgl_dark.css
17:59:19.301 [JavaFX Application Thread] DEBUG Input                - Clearing active input actions
17:59:19.356 [JavaFX Application Thread] DEBUG MainWindow           - LoadingScene -> GameScene
17:59:19.356 [JavaFX Application Thread] DEBUG Engine               - Removing overlay from LoadingScene and adding to GameScene
18:00:04.883 [JavaFX Application Thread] DEBUG MainWindow           - Push state: DialogSubState
18:00:04.883 [JavaFX Application Thread] DEBUG Input                - Clearing active input actions
18:00:04.883 [JavaFX Application Thread] DEBUG MainWindow           - GameScene -> DialogSubState
18:00:04.899 [JavaFX Application Thread] DEBUG Engine               - Removing overlay from GameScene and adding to DialogSubState
18:00:06.603 [JavaFX Application Thread] DEBUG MainWindow           - Pop state: DialogSubState
18:00:06.603 [JavaFX Application Thread] DEBUG Input                - Clearing active input actions
18:00:06.604 [JavaFX Application Thread] DEBUG Engine               - Removing overlay from DialogSubState and adding to GameScene
18:00:06.605 [JavaFX Application Thread] DEBUG MainWindow           - GameScene <- DialogSubState
18:00:06.605 [JavaFX Application Thread] DEBUG Engine               - Exiting FXGL
18:00:06.605 [JavaFX Application Thread] DEBUG Engine               - Shutting down background threads
18:00:06.605 [JavaFX Application Thread] DEBUG Engine               - Saving FXGL system data
18:00:06.607 [JavaFX Application Thread] DEBUG MobileFSService      - Writing to: E:\javafx-workshop\system\fxgl.bundle
18:00:06.611 [JavaFX Application Thread] DEBUG Engine               - Closing logger and exiting JavaFX
